ISim log file
Running: C:\Users\bharat arora\Documents\GitHub\Xlinx\Simple_Circuit\Simple_Circuit_isim_beh.exe -gui -tclbatch isim.cmd -wdb C:/Users/bharat arora/Documents/GitHub/Xlinx/Simple_Circuit/Simple_Circuit_isim_beh.wdb 
INFO: There is another simulation running in the same directory. Using database file name isim1.wdb.
ISim M.63c (signature 0x7dea747)
This is a Full version of ISim.
Time resolution is 1 ps
# onerror resume
# wave add /
# run 1000 ns
Simulator is doing circuit initialization process.
Finished circuit initialization process.
The simulator has terminated in an unexpected manner.  Please review the ISim log (isim.log) for details.
# isim force add /Simple_Circuit/A 1 -radix bin -value 0 -radix bin -time 5 ns -repeat 10 ns
# isim force add /Simple_Circuit/B 1 -radix bin -value 0 -radix bin -time 10 ns -repeat 20 ns
# isim force add /Simple_Circuit/C 1 -radix bin -value 0 -radix bin -time 20 ns -repeat 40 ns
# run 1.00us
# isim force add /Simple_Circuit/A 0 -radix bin -value 1 -radix bin -time 5 ns -repeat 10 ns
# isim force add /Simple_Circuit/B 0 -radix bin -value 1 -radix bin -time 10 ns -repeat 20 ns
# isim force add /Simple_Circuit/C 0 -radix bin -value 1 -radix bin -time 20 ns -repeat 40 ns
# run 1.00us
